# JRE version: OpenJDK Runtime Environment (21.0.8) (build 21.0.8+-14196175-b1038.72)
# Java VM: OpenJDK 64-Bit Server VM (21.0.8+-14196175-b1038.72, mixed mode, tiered, compressed oops, compressed class ptrs, g1 gc, windows-amd64)
GC Precious Log:
 CardTable entry size: 512
 Card Set container configuration: InlinePtr #cards 5 size 8 Array Of Cards #cards 12 size 40 Howl #buckets 4 coarsen threshold 1843 Howl Bitmap #cards 512 size 80 coarsen threshold 460 Card regions per heap region 1 cards per card region 2048
 CPUs: 4 total, 4 available
 Memory: 8191M
 Large Page Support: Disabled
 NUMA Support: Disabled
 Compressed Oops: Enabled (32-bit)
 Heap Region Size: 1M
 Heap Min Capacity: 8M
 Heap Initial Capacity: 128M
 Heap Max Capacity: 2G
 Pre-touch: Disabled
 Parallel Workers: 4
 Concurrent Workers: 1
 Concurrent Refinement Workers: 4
 Periodic GC: Disabled
Heap:
 garbage-first heap   total 479232K, used 311087K [0x0000000080000000, 0x0000000100000000)
  region size 1024K, 89 young (91136K), 6 survivors (6144K)
 Metaspace       used 173531K, committed 176128K, reserved 1245184K
  class space    used 23180K, committed 24448K, reserved 1048576K
GC Heap History (20 events):
Event: 39.891 GC heap before
{Heap before GC invocations=54 (full 0):
 garbage-first heap   total 293888K, used 277927K [0x0000000080000000, 0x0000000100000000)
  region size 1024K, 101 young (103424K), 4 survivors (4096K)
 Metaspace       used 143446K, committed 145728K, reserved 1179648K
  class space    used 19694K, committed 20800K, reserved 1048576K
}
Event: 39.897 GC heap after
{Heap after GC invocations=55 (full 0):
 garbage-first heap   total 293888K, used 172531K [0x0000000080000000, 0x0000000100000000)
  region size 1024K, 5 young (5120K), 5 survivors (5120K)
 Metaspace       used 143446K, committed 145728K, reserved 1179648K
  class space    used 19694K, committed 20800K, reserved 1048576K
}
Event: 42.132 GC heap before
{Heap before GC invocations=55 (full 0):
 garbage-first heap   total 293888K, used 191987K [0x0000000080000000, 0x0000000100000000)
  region size 1024K, 25 young (25600K), 5 survivors (5120K)
 Metaspace       used 144071K, committed 146368K, reserved 1179648K
  class space    used 19727K, committed 20864K, reserved 1048576K
}
Event: 42.137 GC heap after
{Heap after GC invocations=56 (full 0):
 garbage-first heap   total 293888K, used 174591K [0x0000000080000000, 0x0000000100000000)
  region size 1024K, 7 young (7168K), 7 survivors (7168K)
 Metaspace       used 144071K, committed 146368K, reserved 1179648K
  class space    used 19727K, committed 20864K, reserved 1048576K
}
Event: 43.930 GC heap before
{Heap before GC invocations=57 (full 0):
 garbage-first heap   total 293888K, used 270847K [0x0000000080000000, 0x0000000100000000)
  region size 1024K, 101 young (103424K), 7 survivors (7168K)
 Metaspace       used 144600K, committed 146944K, reserved 1179648K
  class space    used 19771K, committed 20928K, reserved 1048576K
}
Event: 43.939 GC heap after
{Heap after GC invocations=58 (full 0):
 garbage-first heap   total 293888K, used 176766K [0x0000000080000000, 0x0000000100000000)
  region size 1024K, 9 young (9216K), 9 survivors (9216K)
 Metaspace       used 144600K, committed 146944K, reserved 1179648K
  class space    used 19771K, committed 20928K, reserved 1048576K
}
Event: 46.375 GC heap before
{Heap before GC invocations=58 (full 0):
 garbage-first heap   total 473088K, used 465534K [0x0000000080000000, 0x0000000100000000)
  region size 1024K, 94 young (96256K), 9 survivors (9216K)
 Metaspace       used 144724K, committed 147072K, reserved 1179648K
  class space    used 19771K, committed 20928K, reserved 1048576K
}
Event: 46.427 GC heap after
{Heap after GC invocations=59 (full 0):
 garbage-first heap   total 479232K, used 217233K [0x0000000080000000, 0x0000000100000000)
  region size 1024K, 6 young (6144K), 6 survivors (6144K)
 Metaspace       used 144724K, committed 147072K, reserved 1179648K
  class space    used 19771K, committed 20928K, reserved 1048576K
}
Event: 61.155 GC heap before
{Heap before GC invocations=59 (full 0):
 garbage-first heap   total 479232K, used 446609K [0x0000000080000000, 0x0000000100000000)
  region size 1024K, 231 young (236544K), 6 survivors (6144K)
 Metaspace       used 150754K, committed 153152K, reserved 1245184K
  class space    used 20444K, committed 21632K, reserved 1048576K
}
Event: 61.189 GC heap after
{Heap after GC invocations=60 (full 0):
 garbage-first heap   total 479232K, used 185280K [0x0000000080000000, 0x0000000100000000)
  region size 1024K, 14 young (14336K), 14 survivors (14336K)
 Metaspace       used 150754K, committed 153152K, reserved 1245184K
  class space    used 20444K, committed 21632K, reserved 1048576K
}
Event: 92.953 GC heap before
{Heap before GC invocations=61 (full 0):
 garbage-first heap   total 479232K, used 438208K [0x0000000080000000, 0x0000000100000000)
  region size 1024K, 262 young (268288K), 14 survivors (14336K)
 Metaspace       used 158531K, committed 161024K, reserved 1245184K
  class space    used 21547K, committed 22784K, reserved 1048576K
}
Event: 92.991 GC heap after
{Heap after GC invocations=62 (full 0):
 garbage-first heap   total 479232K, used 200128K [0x0000000080000000, 0x0000000100000000)
  region size 1024K, 28 young (28672K), 28 survivors (28672K)
 Metaspace       used 158531K, committed 161024K, reserved 1245184K
  class space    used 21547K, committed 22784K, reserved 1048576K
}
Event: 96.667 GC heap before
{Heap before GC invocations=62 (full 0):
 garbage-first heap   total 479232K, used 424384K [0x0000000080000000, 0x0000000100000000)
  region size 1024K, 248 young (253952K), 28 survivors (28672K)
 Metaspace       used 162846K, committed 165440K, reserved 1245184K
  class space    used 22097K, committed 23360K, reserved 1048576K
}
Event: 96.745 GC heap after
{Heap after GC invocations=63 (full 0):
 garbage-first heap   total 479232K, used 223150K [0x0000000080000000, 0x0000000100000000)
  region size 1024K, 23 young (23552K), 23 survivors (23552K)
 Metaspace       used 162846K, committed 165440K, reserved 1245184K
  class space    used 22097K, committed 23360K, reserved 1048576K
}
Event: 102.023 GC heap before
{Heap before GC invocations=63 (full 0):
 garbage-first heap   total 479232K, used 326574K [0x0000000080000000, 0x0000000100000000)
  region size 1024K, 126 young (129024K), 23 survivors (23552K)
 Metaspace       used 164911K, committed 167488K, reserved 1245184K
  class space    used 22353K, committed 23616K, reserved 1048576K
}
Event: 102.053 GC heap after
{Heap after GC invocations=64 (full 0):
 garbage-first heap   total 479232K, used 235520K [0x0000000080000000, 0x0000000100000000)
  region size 1024K, 13 young (13312K), 13 survivors (13312K)
 Metaspace       used 164911K, committed 167488K, reserved 1245184K
  class space    used 22353K, committed 23616K, reserved 1048576K
}
Event: 106.229 GC heap before
{Heap before GC invocations=65 (full 0):
 garbage-first heap   total 479232K, used 450560K [0x0000000080000000, 0x0000000100000000)
  region size 1024K, 193 young (197632K), 13 survivors (13312K)
 Metaspace       used 169301K, committed 171904K, reserved 1245184K
  class space    used 22720K, committed 24000K, reserved 1048576K
}
Event: 106.249 GC heap after
{Heap after GC invocations=66 (full 0):
 garbage-first heap   total 479232K, used 238592K [0x0000000080000000, 0x0000000100000000)
  region size 1024K, 16 young (16384K), 16 survivors (16384K)
 Metaspace       used 169301K, committed 171904K, reserved 1245184K
  class space    used 22720K, committed 24000K, reserved 1048576K
}
Event: 110.964 GC heap before
{Heap before GC invocations=66 (full 0):
 garbage-first heap   total 479232K, used 424960K [0x0000000080000000, 0x0000000100000000)
  region size 1024K, 197 young (201728K), 16 survivors (16384K)
 Metaspace       used 173015K, committed 175552K, reserved 1245184K
  class space    used 23129K, committed 24384K, reserved 1048576K
}
Event: 110.982 GC heap after
{Heap after GC invocations=67 (full 0):
 garbage-first heap   total 479232K, used 228143K [0x0000000080000000, 0x0000000100000000)
  region size 1024K, 6 young (6144K), 6 survivors (6144K)
 Metaspace       used 173015K, committed 175552K, reserved 1245184K
  class space    used 23129K, committed 24384K, reserved 1048576K
}

